2026-04-16 14:54:47,421 - main - INFO - === Logging system initialized ===
2026-04-16 14:54:47,422 - main - INFO - Log file: logs\app_20260416_145447.log
2026-04-16 14:54:47,422 - main - INFO - Environment: dev
2026-04-16 14:54:47,422 - main - INFO - Timestamp: 20260416_145447
2026-04-16 14:54:47,447 - main - INFO - Included router from routers.aihub
2026-04-16 14:54:49,165 - main - INFO - Included router from routers.auth
2026-04-16 14:54:49,168 - main - INFO - Included router from routers.config
2026-04-16 14:54:49,208 - main - WARNING - Failed to import module 'routers.contact': routers.contact
Traceback (most recent call last):
  File "C:\Users\Lenovo 10GEN\Desktop\paudc_site\backend\.venv\Lib\site-packages\pydantic\networks.py", line 965, in import_email_validator
    import email_validator
ModuleNotFoundError: No module named 'email_validator'

The above exception was the direct cause of the following exception:

Traceback (most recent call last):
  File "C:\Users\Lenovo 10GEN\Desktop\paudc_site\backend\main.py", line 111, in include_routers_from_package
    module = importlib.import_module(module_name)
  File "C:\Program Files\WindowsApps\PythonSoftwareFoundation.Python.3.13_3.13.3568.0_x64__qbz5n2kfra8p0\Lib\importlib\__init__.py", line 88, in import_module
    return _bootstrap._gcd_import(name[level:], package, level)
           ~~~~~~~~~~~~~~~~~~~~~~^^^^^^^^^^^^^^^^^^^^^^^^^^^^^^
  File "<frozen importlib._bootstrap>", line 1395, in _gcd_import
  File "<frozen importlib._bootstrap>", line 1360, in _find_and_load
  File "<frozen importlib._bootstrap>", line 1331, in _find_and_load_unlocked
  File "<frozen importlib._bootstrap>", line 935, in _load_unlocked
  File "<frozen importlib._bootstrap_external>", line 1023, in exec_module
  File "<frozen importlib._bootstrap>", line 488, in _call_with_frames_removed
  File "C:\Users\Lenovo 10GEN\Desktop\paudc_site\backend\routers\contact.py", line 12, in <module>
    class ContactFormData(BaseModel):
    ...<4 lines>...
        message: str
  File "C:\Users\Lenovo 10GEN\Desktop\paudc_site\backend\.venv\Lib\site-packages\pydantic\_internal\_model_construction.py", line 255, in __new__
    complete_model_class(
    ~~~~~~~~~~~~~~~~~~~~^
        cls,
        ^^^^
    ...<3 lines>...
        create_model_module=_create_model_module,
        ^^^^^^^^^^^^^^^^^^^^^^^^^^^^^^^^^^^^^^^^^
    )
    ^
  File "C:\Users\Lenovo 10GEN\Desktop\paudc_site\backend\.venv\Lib\site-packages\pydantic\_internal\_model_construction.py", line 648, in complete_model_class
    schema = gen_schema.generate_schema(cls)
  File "C:\Users\Lenovo 10GEN\Desktop\paudc_site\backend\.venv\Lib\site-packages\pydantic\_internal\_generate_schema.py", line 729, in generate_schema
    schema = self._generate_schema_inner(obj)
  File "C:\Users\Lenovo 10GEN\Desktop\paudc_site\backend\.venv\Lib\site-packages\pydantic\_internal\_generate_schema.py", line 1023, in _generate_schema_inner
    return self._model_schema(obj)
           ~~~~~~~~~~~~~~~~~~^^^^^
  File "C:\Users\Lenovo 10GEN\Desktop\paudc_site\backend\.venv\Lib\site-packages\pydantic\_internal\_generate_schema.py", line 856, in _model_schema
    {k: self._generate_md_field_schema(k, v, decorators) for k, v in fields.items()},
        ~~~~~~~~~~~~~~~~~~~~~~~~~~~~~~^^^^^^^^^^^^^^^^^^
  File "C:\Users\Lenovo 10GEN\Desktop\paudc_site\backend\.venv\Lib\site-packages\pydantic\_internal\_generate_schema.py", line 1228, in _generate_md_field_schema
    schema, metadata = self._common_field_schema(name, field_info, decorators)
                       ~~~~~~~~~~~~~~~~~~~~~~~~~^^^^^^^^^^^^^^^^^^^^^^^^^^^^^^
  File "C:\Users\Lenovo 10GEN\Desktop\paudc_site\backend\.venv\Lib\site-packages\pydantic\_internal\_generate_schema.py", line 1282, in _common_field_schema
    schema = self._apply_annotations(
        source_type,
        annotations + validators_from_decorators,
    )
  File "C:\Users\Lenovo 10GEN\Desktop\paudc_site\backend\.venv\Lib\site-packages\pydantic\_internal\_generate_schema.py", line 2227, in _apply_annotations
    schema = get_inner_schema(source_type)
  File "C:\Users\Lenovo 10GEN\Desktop\paudc_site\backend\.venv\Lib\site-packages\pydantic\_internal\_schema_generation_shared.py", line 83, in __call__
    schema = self._handler(source_type)
  File "C:\Users\Lenovo 10GEN\Desktop\paudc_site\backend\.venv\Lib\site-packages\pydantic\_internal\_generate_schema.py", line 2203, in inner_handler
    schema = self._generate_schema_from_get_schema_method(obj, source_type)
  File "C:\Users\Lenovo 10GEN\Desktop\paudc_site\backend\.venv\Lib\site-packages\pydantic\_internal\_generate_schema.py", line 919, in _generate_schema_from_get_schema_method
    schema = get_schema(
        source, CallbackGetCoreSchemaHandler(self._generate_schema_inner, self, ref_mode=ref_mode)
    )
  File "C:\Users\Lenovo 10GEN\Desktop\paudc_site\backend\.venv\Lib\site-packages\pydantic\networks.py", line 1005, in __get_pydantic_core_schema__
    import_email_validator()
    ~~~~~~~~~~~~~~~~~~~~~~^^
  File "C:\Users\Lenovo 10GEN\Desktop\paudc_site\backend\.venv\Lib\site-packages\pydantic\networks.py", line 967, in import_email_validator
    raise ImportError("email-validator is not installed, run `pip install 'pydantic[email]'`") from e
ImportError: email-validator is not installed, run `pip install 'pydantic[email]'`
2026-04-16 14:54:49,267 - main - INFO - Included router from routers.content_pages
2026-04-16 14:54:49,299 - main - INFO - Included router from routers.course_materials
2026-04-16 14:54:49,332 - main - INFO - Included router from routers.course_modules
2026-04-16 14:54:49,365 - main - INFO - Included router from routers.courses
2026-04-16 14:54:49,391 - main - INFO - Included router from routers.enrollments
2026-04-16 14:54:49,423 - main - INFO - Included router from routers.faqs
2026-04-16 14:54:49,425 - main - INFO - Included router from routers.health
2026-04-16 14:54:49,457 - main - INFO - Included router from routers.notifications
2026-04-16 14:54:49,494 - main - INFO - Included router from routers.progress_tracking
2026-04-16 14:54:49,524 - main - INFO - Included router from routers.quiz_attempts
2026-04-16 14:54:49,548 - main - INFO - Included router from routers.quiz_questions
2026-04-16 14:54:49,577 - main - INFO - Included router from routers.quizzes
2026-04-16 14:54:49,649 - main - INFO - Included router from routers.registrations
2026-04-16 14:54:49,683 - main - INFO - Included router from routers.resources
2026-04-16 14:54:49,716 - main - INFO - Included router from routers.schedules
2026-04-16 14:54:49,741 - main - INFO - Included router from routers.settings
2026-04-16 14:54:49,783 - main - INFO - Included router from routers.storage
2026-04-16 14:54:49,792 - main - INFO - Included router from routers.user
2026-04-16 14:54:49,792 - main - INFO - Total routers discovered and included: 21
2026-04-16 14:54:49,796 - main - INFO - === Application startup initiated ===
2026-04-16 14:54:49,796 - core.database - INFO - Starting database initialization...
2026-04-16 14:54:49,796 - core.database - INFO - Using QueuePool with connection pooling for non-lambda environment
2026-04-16 14:54:49,867 - core.database - INFO - Database engine created successfully
2026-04-16 14:54:49,867 - core.database - INFO - Database connection created successfully
2026-04-16 14:54:49,867 - core.database - INFO - Starting table creation...
2026-04-16 14:54:49,868 - core.database - INFO - Starting table creation...
2026-04-16 14:54:49,910 - core.database - INFO - Tables initialized successfully
2026-04-16 14:54:49,911 - core.database - INFO - Checking for structural repairs in existing tables...
2026-04-16 14:54:49,984 - core.database - INFO - Table structure repair completed in 0.0734s
2026-04-16 14:54:50,226 - main - INFO - === Application startup completed successfully ===
2026-04-16 14:55:30,522 - core.auth - WARNING - Authentication token has expired
2026-04-16 14:55:30,522 - dependencies.auth - WARNING - Token validation failed: IDTokenValidationError
2026-04-16 15:14:22,792 - core.auth - WARNING - Authentication token has expired
2026-04-16 15:14:22,792 - dependencies.auth - WARNING - Token validation failed: IDTokenValidationError
2026-04-16 15:14:25,909 - core.auth - WARNING - Authentication token has expired
2026-04-16 15:14:25,909 - dependencies.auth - WARNING - Token validation failed: IDTokenValidationError
2026-04-16 15:14:28,469 - core.auth - WARNING - Authentication token has expired
2026-04-16 15:14:28,469 - dependencies.auth - WARNING - Token validation failed: IDTokenValidationError
2026-04-16 15:21:18,576 - core.auth - WARNING - Authentication token has expired
2026-04-16 15:21:18,577 - dependencies.auth - WARNING - Token validation failed: IDTokenValidationError
2026-04-16 15:21:19,724 - core.auth - WARNING - Authentication token has expired
2026-04-16 15:21:19,726 - dependencies.auth - WARNING - Token validation failed: IDTokenValidationError
2026-04-16 15:21:21,747 - core.auth - WARNING - Authentication token has expired
2026-04-16 15:21:21,747 - dependencies.auth - WARNING - Token validation failed: IDTokenValidationError
2026-04-16 15:21:41,278 - core.auth - WARNING - Authentication token has expired
2026-04-16 15:21:41,278 - dependencies.auth - WARNING - Token validation failed: IDTokenValidationError
2026-04-16 15:21:43,932 - core.auth - WARNING - Authentication token has expired
2026-04-16 15:21:43,932 - dependencies.auth - WARNING - Token validation failed: IDTokenValidationError
2026-04-16 15:21:49,169 - core.auth - WARNING - Authentication token has expired
2026-04-16 15:21:49,169 - dependencies.auth - WARNING - Token validation failed: IDTokenValidationError
2026-04-16 15:21:50,949 - core.auth - WARNING - Authentication token has expired
2026-04-16 15:21:50,949 - dependencies.auth - WARNING - Token validation failed: IDTokenValidationError
2026-04-16 15:21:55,322 - core.auth - WARNING - Authentication token has expired
2026-04-16 15:21:55,323 - dependencies.auth - WARNING - Token validation failed: IDTokenValidationError
2026-04-16 15:21:55,327 - core.auth - WARNING - Authentication token has expired
2026-04-16 15:21:55,330 - dependencies.auth - WARNING - Token validation failed: IDTokenValidationError
2026-04-16 15:21:56,886 - routers.auth - INFO - Initiating OIDC login with redirect_uri: http://localhost:8000/api/v1/auth/callback
2026-04-16 15:22:07,149 - core.auth - WARNING - Authentication token has expired
2026-04-16 15:22:07,149 - dependencies.auth - WARNING - Token validation failed: IDTokenValidationError
2026-04-16 15:22:07,152 - core.auth - WARNING - Authentication token has expired
2026-04-16 15:22:07,153 - dependencies.auth - WARNING - Token validation failed: IDTokenValidationError
2026-04-16 15:22:56,677 - core.auth - WARNING - Authentication token has expired
2026-04-16 15:22:56,703 - dependencies.auth - WARNING - Token validation failed: IDTokenValidationError
2026-04-16 15:22:59,431 - core.auth - WARNING - Authentication token has expired
2026-04-16 15:22:59,431 - dependencies.auth - WARNING - Token validation failed: IDTokenValidationError
2026-04-16 15:28:54,424 - core.auth - WARNING - Authentication token has expired
2026-04-16 15:28:54,424 - dependencies.auth - WARNING - Token validation failed: IDTokenValidationError
2026-04-16 15:29:17,266 - core.auth - WARNING - Authentication token has expired
2026-04-16 15:29:17,267 - dependencies.auth - WARNING - Token validation failed: IDTokenValidationError
2026-04-16 15:30:22,511 - core.auth - WARNING - Authentication token has expired
2026-04-16 15:30:22,511 - dependencies.auth - WARNING - Token validation failed: IDTokenValidationError
2026-04-16 15:31:56,549 - core.auth - WARNING - Authentication token has expired
2026-04-16 15:31:56,550 - dependencies.auth - WARNING - Token validation failed: IDTokenValidationError
2026-04-16 15:41:18,352 - services.firebase - WARNING - Firebase credentials not found. Firebase features will be disabled.
2026-04-16 15:41:18,353 - services.firebase - WARNING - Firebase credentials not found. Firebase features will be disabled.
2026-04-16 15:41:18,353 - services.firebase - ERROR - Firebase token verification failed: The default Firebase app does not exist. Make sure to initialize the SDK by calling initialize_app().
2026-04-16 15:41:18,354 - core.database - ERROR - Database session error: 401: Invalid Firebase token
2026-04-16 16:44:37,625 - core.auth - WARNING - Authentication token has expired
2026-04-16 16:44:37,630 - dependencies.auth - WARNING - Token validation failed: IDTokenValidationError
2026-04-16 16:52:36,645 - core.auth - WARNING - Authentication token has expired
2026-04-16 16:52:36,646 - dependencies.auth - WARNING - Token validation failed: IDTokenValidationError
2026-04-16 18:13:09,858 - core.auth - WARNING - Authentication token has expired
2026-04-16 18:13:09,860 - dependencies.auth - WARNING - Token validation failed: IDTokenValidationError
2026-04-16 18:14:14,556 - core.auth - WARNING - Authentication token has expired
2026-04-16 18:14:14,558 - dependencies.auth - WARNING - Token validation failed: IDTokenValidationError
2026-04-16 18:15:28,421 - main - INFO - === Application shutdown initiated ===
2026-04-16 18:15:28,421 - core.database - INFO - Closing database connection...
2026-04-16 18:15:28,444 - core.database - INFO - Database connection closed and engine disposed
2026-04-16 18:15:28,444 - main - INFO - === Application shutdown completed successfully ===
